<?xml version="1.0" encoding="UTF-8"?>
<!-- Generated by org.testng.reporters.JUnitReportReporter -->
<testsuite skipped="0" hostname="LAPTOP-IQ3MHLUB" name="testCases.GetOrRead_A_Products" tests="1" failures="0" timestamp="2021-11-26T18:30:03 CST" time="2.521" errors="0">
  <testcase name="read_A_Product" time="2.521" classname="testCases.GetOrRead_A_Products"/>
  <system-out/>
</testsuite> <!-- testCases.GetOrRead_A_Products -->
