<?xml version="1.0" encoding="UTF-8"?>
<!-- Generated by org.testng.reporters.JUnitReportReporter -->
<testsuite skipped="0" hostname="LAPTOP-IQ3MHLUB" name="testCases.PUT_Or_Update_A_Product" tests="1" failures="0" timestamp="2022-01-01T11:34:17 CST" time="4.758" errors="0">
  <testcase name="update_A_Product" time="4.758" classname="testCases.PUT_Or_Update_A_Product"/>
  <system-out/>
</testsuite> <!-- testCases.PUT_Or_Update_A_Product -->
