<?xml version="1.0" encoding="UTF-8"?>
<!-- Generated by org.testng.reporters.JUnitReportReporter -->
<testsuite skipped="0" hostname="LAPTOP-IQ3MHLUB" name="testCases.PostOrCreate_A_Products" tests="1" failures="0" timestamp="2021-11-27T15:39:24 CST" time="2.740" errors="0">
  <testcase name="create_A_Product" time="2.740" classname="testCases.PostOrCreate_A_Products"/>
  <system-out/>
</testsuite> <!-- testCases.PostOrCreate_A_Products -->
