<?xml version="1.0" encoding="UTF-8"?>
<!-- Generated by org.testng.reporters.JUnitReportReporter -->
<testsuite skipped="0" hostname="LAPTOP-IQ3MHLUB" name="testCases.GetOrReadAllProducts" tests="1" failures="0" timestamp="2021-11-26T18:23:34 CST" time="2.316" errors="0">
  <testcase name="readAllProduct" time="2.316" classname="testCases.GetOrReadAllProducts"/>
  <system-out/>
</testsuite> <!-- testCases.GetOrReadAllProducts -->
