<?xml version="1.0" encoding="UTF-8"?>
<!-- Generated by org.testng.reporters.JUnitReportReporter -->
<testsuite skipped="0" hostname="LAPTOP-IQ3MHLUB" name="testCases.Delete_A_Product" tests="1" failures="0" timestamp="2021-11-27T15:25:07 CST" time="3.545" errors="0">
  <testcase name="delete_A_Product" time="3.545" classname="testCases.Delete_A_Product"/>
  <system-out/>
</testsuite> <!-- testCases.Delete_A_Product -->
